<?xml version="1.0" encoding="UTF-8"?>
<testsuite xmlns:xsi="http://www.w3.org/2001/XMLSchema-instance" xsi:noNamespaceSchemaLocation="https://maven.apache.org/surefire/maven-surefire-plugin/xsd/surefire-test-report.xsd" name="PasswordManager.AppTest" time="0.046" tests="1" errors="0" skipped="0" failures="0">
  <properties>
    <property name="java.specification.version" value="17"/>
    <property name="sun.cpu.isalist" value="amd64"/>
    <property name="sun.jnu.encoding" value="MS932"/>
    <property name="java.class.path" value="c:\Users\Mihail\Documents\UVT\P3\PswdMgr\p3passwordmanager\target\test-classes;c:\Users\Mihail\Documents\UVT\P3\PswdMgr\p3passwordmanager\target\classes;C:\Users\Mihail\.m2\repository\junit\junit\4.11\junit-4.11.jar;C:\Users\Mihail\.m2\repository\org\hamcrest\hamcrest-core\1.3\hamcrest-core-1.3.jar;C:\Users\Mihail\.m2\repository\org\passay\passay\1.6.1\passay-1.6.1.jar;"/>
    <property name="java.vm.vendor" value="Oracle Corporation"/>
    <property name="sun.arch.data.model" value="64"/>
    <property name="user.variant" value=""/>
    <property name="java.vendor.url" value="https://java.oracle.com/"/>
    <property name="user.timezone" value="Europe/Chisinau"/>
    <property name="os.name" value="Windows 10"/>
    <property name="java.vm.specification.version" value="17"/>
    <property name="sun.java.launcher" value="SUN_STANDARD"/>
    <property name="user.country" value="US"/>
    <property name="sun.boot.library.path" value="C:\Program Files\Java\jdk-17\bin"/>
    <property name="sun.java.command" value="C:\Users\Mihail\AppData\Local\Temp\surefire3765234197036078116\surefirebooter13369274739308298475.jar C:\Users\Mihail\AppData\Local\Temp\surefire3765234197036078116 2022-01-27T12-02-19_712-jvmRun1 surefire12533254789069262865tmp surefire_015059354350900052657tmp"/>
    <property name="jdk.debug" value="release"/>
    <property name="surefire.test.class.path" value="c:\Users\Mihail\Documents\UVT\P3\PswdMgr\p3passwordmanager\target\test-classes;c:\Users\Mihail\Documents\UVT\P3\PswdMgr\p3passwordmanager\target\classes;C:\Users\Mihail\.m2\repository\junit\junit\4.11\junit-4.11.jar;C:\Users\Mihail\.m2\repository\org\hamcrest\hamcrest-core\1.3\hamcrest-core-1.3.jar;C:\Users\Mihail\.m2\repository\org\passay\passay\1.6.1\passay-1.6.1.jar;"/>
    <property name="sun.cpu.endian" value="little"/>
    <property name="user.home" value="C:\Users\Mihail"/>
    <property name="user.language" value="en"/>
    <property name="java.specification.vendor" value="Oracle Corporation"/>
    <property name="java.version.date" value="2021-09-14"/>
    <property name="java.home" value="C:\Program Files\Java\jdk-17"/>
    <property name="file.separator" value="\"/>
    <property name="basedir" value="c:\Users\Mihail\Documents\UVT\P3\PswdMgr\p3passwordmanager"/>
    <property name="java.vm.compressedOopsMode" value="Zero based"/>
    <property name="line.separator" value="&#10;"/>
    <property name="java.vm.specification.vendor" value="Oracle Corporation"/>
    <property name="java.specification.name" value="Java Platform API Specification"/>
    <property name="surefire.real.class.path" value="C:\Users\Mihail\AppData\Local\Temp\surefire3765234197036078116\surefirebooter13369274739308298475.jar"/>
    <property name="user.script" value=""/>
    <property name="sun.management.compiler" value="HotSpot 64-Bit Tiered Compilers"/>
    <property name="java.runtime.version" value="17+35-LTS-2724"/>
    <property name="user.name" value="Mihail"/>
    <property name="path.separator" value=";"/>
    <property name="os.version" value="10.0"/>
    <property name="java.runtime.name" value="Java(TM) SE Runtime Environment"/>
    <property name="file.encoding" value="Cp1252"/>
    <property name="java.vm.name" value="Java HotSpot(TM) 64-Bit Server VM"/>
    <property name="localRepository" value="C:\Users\Mihail\.m2\repository"/>
    <property name="java.vendor.url.bug" value="https://bugreport.java.com/bugreport/"/>
    <property name="java.io.tmpdir" value="C:\Users\Mihail\AppData\Local\Temp\"/>
    <property name="java.version" value="17"/>
    <property name="user.dir" value="c:\Users\Mihail\Documents\UVT\P3\PswdMgr\p3passwordmanager"/>
    <property name="os.arch" value="amd64"/>
    <property name="java.vm.specification.name" value="Java Virtual Machine Specification"/>
    <property name="sun.os.patch.level" value=""/>
    <property name="native.encoding" value="Cp1252"/>
    <property name="java.library.path" value="C:\Program Files\Java\jdk-17\bin;C:\WINDOWS\Sun\Java\bin;C:\WINDOWS\system32;C:\WINDOWS;C:\Program Files\Git\mingw64\bin;C:\Program Files\Git\usr\bin;C:\Users\Mihail\bin;C:\Program Files\Common Files\Oracle\Java\javapath;C:\Program Files (x86)\Common Files\Oracle\Java\javapath;C:\WINDOWS\system32;C:\WINDOWS;C:\WINDOWS\System32\Wbem;C:\WINDOWS\System32\WindowsPowerShell\v1.0;C:\WINDOWS\System32\OpenSSH;C:\Program Files\Git\cmd;C:\ProgramData\ComposerSetup\bin;C:\Program Files\nodejs;C:\Program Files\Docker\Docker\resources\bin;C:\ProgramData\DockerDesktop\version-bin;C:\Program Files\PuTTY;C:\Program Files\Java\jdk-17\bin;C:\Users\Mihail\Documents\UVT\apache-maven-3.8.2\bin;C:\msys64\mingw64\bin;C:\Program Files\dotnet;C:\Users\Mihail\AppData\Local\Microsoft\WindowsApps;C:\php;C:\Users\Mihail\AppData\Roaming\Composer\vendor\bin;C:\Users\Mihail\AppData\Roaming\npm;C:\Users\Mihail\AppData\Local\Microsoft\WindowsApps;C:\Users\Mihail\AppData\Local\Programs\Microsoft VS Code\bin;C:\Users\Mihail\AppData\Local\Programs\MiKTeX\miktex\bin\x64;C:\Users\Mihail\.dotnet\tools;."/>
    <property name="java.vm.info" value="mixed mode, sharing"/>
    <property name="java.vendor" value="Oracle Corporation"/>
    <property name="java.vm.version" value="17+35-LTS-2724"/>
    <property name="sun.io.unicode.encoding" value="UnicodeLittle"/>
    <property name="java.class.version" value="61.0"/>
  </properties>
  <testcase name="shouldAnswerWithTrue" classname="PasswordManager.AppTest" time="0.003"/>
</testsuite>